#
# There is insufficient memory for the Java Runtime Environment to continue.
# Native memory allocation (malloc) failed to allocate 1048576 bytes for AllocateHeap
# Possible reasons:
#   The system is out of physical RAM or swap space
#   In 32 bit mode, the process size limit was hit
# Possible solutions:
#   Reduce memory load on the system
#   Increase physical memory or swap space
#   Check if swap backing store is full
#   Use 64 bit Java on a 64 bit OS
#   Decrease Java heap size (-Xmx/-Xms)
#   Decrease number of Java threads
#   Decrease Java thread stack sizes (-Xss)
#   Set larger code cache with -XX:ReservedCodeCacheSize=
# This output file may be truncated or incomplete.
#
#  Out of Memory Error (memory/allocation.inline.hpp:61), pid=8752, tid=0x0000000000001c60
#
# JRE version:  (8.0_101-b13) (build )
# Java VM: Java HotSpot(TM) 64-Bit Server VM (25.101-b13 mixed mode windows-amd64 compressed oops)
# Failed to write core dump. Minidumps are not enabled by default on client versions of Windows
#

---------------  T H R E A D  ---------------

Current thread (0x000000000258e000):  JavaThread "Unknown thread" [_thread_in_vm, id=7264, stack(0x0000000002870000,0x0000000002970000)]

Stack: [0x0000000002870000,0x0000000002970000]
[error occurred during error reporting (printing stack bounds), id 0xc0000005]

Native frames: (J=compiled Java code, j=interpreted, Vv=VM code, C=native code)


---------------  P R O C E S S  ---------------

Java Threads: ( => current thread )

Other Threads:

=>0x000000000258e000 (exited) JavaThread "Unknown thread" [_thread_in_vm, id=7264, stack(0x0000000002870000,0x0000000002970000)]

VM state:not at safepoint (normal execution)

VM Mutex/Monitor currently owned by a thread: None

Heap:
 PSYoungGen      total 18944K, used 327K [0x00000000eb300000, 0x00000000ec800000, 0x0000000100000000)
  eden space 16384K, 2% used [0x00000000eb300000,0x00000000eb351ec8,0x00000000ec300000)
  from space 2560K, 0% used [0x00000000ec580000,0x00000000ec580000,0x00000000ec800000)
  to   space 2560K, 0% used [0x00000000ec300000,0x00000000ec300000,0x00000000ec580000)
 ParOldGen       total 44032K, used 0K [0x00000000c1800000, 0x00000000c4300000, 0x00000000eb300000)
  object space 44032K, 0% used [0x00000000c1800000,0x00000000c1800000,0x00000000c4300000)
 Metaspace       used 783K, capacity 1092K, committed 1152K, reserved 1060864K
  class space    used 75K, capacity 384K, committed 384K, reserved 1048576K

Card table byte_map: [0x0000000011d30000,0x0000000011f30000] byte_map_base: 0x0000000011724000

Marking Bits: (ParMarkBitMap*) 0x00000000748ca6d0
 Begin Bits: [0x00000000123d0000, 0x0000000013370000)
 End Bits:   [0x0000000013370000, 0x0000000014310000)

Polling page: 0x0000000000330000

CodeCache: size=245760Kb used=327Kb max_used=327Kb free=245432Kb
 bounds [0x0000000002970000, 0x0000000002be0000, 0x0000000011970000]
 total_blobs=56 nmethods=0 adapters=38
 compilation: enabled

Compilation events (0 events):
No events

GC Heap History (0 events):
No events

Deoptimization events (0 events):
No events

Internal exceptions (0 events):
No events

Events (10 events):
Event: 0.140 loading class java/lang/Short
Event: 0.140 loading class java/lang/Short done
Event: 0.140 loading class java/lang/Integer
Event: 0.140 loading class java/lang/Integer done
Event: 0.140 loading class java/lang/Long
Event: 0.140 loading class java/lang/Long done
Event: 0.141 loading class java/lang/NullPointerException
Event: 0.141 loading class java/lang/NullPointerException done
Event: 0.141 loading class java/lang/ArithmeticException
Event: 0.141 loading class java/lang/ArithmeticException done


Dynamic libraries:
0x000000013f0a0000 - 0x000000013f0d7000 	D:\jdk\bin\java.exe
0x00000000774a0000 - 0x0000000077649000 	C:\Windows\SYSTEM32\ntdll.dll
0x0000000077380000 - 0x000000007749f000 	C:\Windows\system32\kernel32.dll
0x000007fefd6d0000 - 0x000007fefd73c000 	C:\Windows\system32\KERNELBASE.dll
0x000007fefe180000 - 0x000007fefe25b000 	C:\Windows\system32\ADVAPI32.dll
0x000007fefd9b0000 - 0x000007fefda4f000 	C:\Windows\system32\msvcrt.dll
0x000007fefe260000 - 0x000007fefe27f000 	C:\Windows\SYSTEM32\sechost.dll
0x000007fefdab0000 - 0x000007fefdbdd000 	C:\Windows\system32\RPCRT4.dll
0x0000000077280000 - 0x000000007737a000 	C:\Windows\system32\USER32.dll
0x000007fefdbe0000 - 0x000007fefdc47000 	C:\Windows\system32\GDI32.dll
0x000007fefda50000 - 0x000007fefda5e000 	C:\Windows\system32\LPK.dll
0x000007fefd7c0000 - 0x000007fefd889000 	C:\Windows\system32\USP10.dll
0x000007fefbe90000 - 0x000007fefc084000 	C:\Windows\WinSxS\amd64_microsoft.windows.common-controls_6595b64144ccf1df_6.0.7601.17514_none_fa396087175ac9ac\COMCTL32.dll
0x000007fefd890000 - 0x000007fefd901000 	C:\Windows\system32\SHLWAPI.dll
0x000007fefdc50000 - 0x000007fefdc7e000 	C:\Windows\system32\IMM32.DLL
0x000007fefde00000 - 0x000007fefdf09000 	C:\Windows\system32\MSCTF.dll
0x0000000074df0000 - 0x0000000074ec2000 	D:\jdk\jre\bin\msvcr100.dll
0x00000000740b0000 - 0x000000007494a000 	D:\jdk\jre\bin\server\jvm.dll
0x000007fef97c0000 - 0x000007fef97c9000 	C:\Windows\system32\WSOCK32.dll
0x000007fefda60000 - 0x000007fefdaad000 	C:\Windows\system32\WS2_32.dll
0x000007fefea10000 - 0x000007fefea18000 	C:\Windows\system32\NSI.dll
0x000007fef98c0000 - 0x000007fef98fb000 	C:\Windows\system32\WINMM.dll
0x000007fefc780000 - 0x000007fefc78c000 	C:\Windows\system32\VERSION.dll
0x0000000077660000 - 0x0000000077667000 	C:\Windows\system32\PSAPI.DLL
0x0000000073b50000 - 0x0000000073b5f000 	D:\jdk\jre\bin\verify.dll
0x0000000072d20000 - 0x0000000072d49000 	D:\jdk\jre\bin\java.dll
0x0000000072d00000 - 0x0000000072d16000 	D:\jdk\jre\bin\zip.dll

VM Arguments:
jvm_args: -Dmaven.multiModuleProjectDirectory=D:\ideawork\tt-test\tt-manger\tt-manger-web -Dmaven.home=E:\code\apache-maven-3.5.0 -Dclassworlds.conf=E:\code\apache-maven-3.5.0\bin\m2.conf -Didea.launcher.port=7537 -Didea.launcher.bin.path=D:\新建文件夹\IntelliJ IDEA 14.1.7\bin -Dfile.encoding=UTF-8 
java_command: com.intellij.rt.execution.application.AppMain org.codehaus.classworlds.Launcher -Didea.version=14.1.7 -s E:\code\apache-maven-3.5.0\conf\settings.xml org.apache.tomcat.maven:tomcat7-maven-plugin:2.2:run
java_class_path (initial): E:\code\apache-maven-3.5.0\boot\plexus-classworlds-2.5.2.jar;D:\新建文件夹\IntelliJ IDEA 14.1.7\lib\idea_rt.jar
Launcher Type: SUN_STANDARD

Environment Variables:
JAVA_HOME=D:\jdk
CLASSPATH=D:\jdk\lib\dt.jar;D:\jdk\lib\tools.jar;
PATH=D:\jdk\bin;C:\ProgramData\Oracle\Java\javapath;E:\code\apache-maven-3.5.0\bin;C:\Windows\system32;C:\Windows;C:\Windows\System32\Wbem;C:\Windows\System32\WindowsPowerShell\v1.0\;C:\SVN\bin;C:\Program Files (x86)\MyDrivers\DriverGenius;C:\Program Files (x86)\MyDrivers\DriverGenius\ksoft
USERNAME=Administrator
OS=Windows_NT
PROCESSOR_IDENTIFIER=Intel64 Family 6 Model 23 Stepping 10, GenuineIntel



---------------  S Y S T E M  ---------------

OS: Windows 7 , 64 bit Build 7601 (6.1.7601.17651)

CPU:total 2 (2 cores per cpu, 1 threads per core) family 6 model 23 stepping 10, cmov, cx8, fxsr, mmx, sse, sse2, sse3, ssse3, sse4.1, tsc

Memory: 4k page, physical 4087836k(103348k free), swap 6183140k(5776k free)

vm_info: Java HotSpot(TM) 64-Bit Server VM (25.101-b13) for windows-amd64 JRE (1.8.0_101-b13), built on Jun 22 2016 01:21:29 by "java_re" with MS VC++ 10.0 (VS2010)

time: Thu Aug 31 14:56:15 2017
elapsed time: 0 seconds (0d 0h 0m 0s)

